RUN	Prueba2	prueba2	1588755713449	 	3.3.1
USER	Prueba2	1	START	1588755714811	1588755714811
REQUEST	1		request_0	1588755714865	1588755715130	OK	 
REQUEST	1		request_2	1588755761234	1588755761422	OK	 
ERROR	request_4: Failed to build request: Resource /prueba2/0004_request.json not found 	1588755761430
REQUEST	1		request_5	1588755761445	1588755761541	OK	 
REQUEST	1		request_3	1588755761442	1588755762142	OK	 
REQUEST	1		request_6	1588755763155	1588755763246	OK	 
REQUEST	1		request_7	1588755763250	1588755763356	OK	 
REQUEST	1		request_8	1588755763248	1588755763564	OK	 
ERROR	request_9: Failed to build request: Resource /prueba2/0009_request.json not found 	1588755765563
ERROR	request_10: Failed to build request: Resource /prueba2/0010_request.json not found 	1588755769583
ERROR	request_11: Failed to build request: Resource /prueba2/0011_request.json not found 	1588755773593
ERROR	request_12: Failed to build request: Resource /prueba2/0012_request.json not found 	1588755777592
REQUEST	1		request_13	1588755778608	1588755778684	OK	 
REQUEST	1		request_14	1588755779702	1588755779853	OK	 
ERROR	request_16: Failed to build request: Resource /prueba2/0016_request.json not found 	1588755779859
REQUEST	1		request_17	1588755779868	1588755779957	OK	 
REQUEST	1		request_19	1588755779872	1588755780077	OK	 
REQUEST	1		request_21	1588755779875	1588755780117	OK	 
REQUEST	1		request_18	1588755779871	1588755780128	OK	 
REQUEST	1		request_20	1588755779874	1588755780157	OK	 
REQUEST	1		request_15	1588755779867	1588755780651	OK	 
REQUEST	1		request_22	1588755784652	1588755784700	OK	 
REQUEST	1		request_23	1588755784731	1588755784780	OK	 
REQUEST	1		request_25	1588755784735	1588755784789	OK	 
REQUEST	1		request_24	1588755784733	1588755784796	OK	 
REQUEST	1		request_26	1588755784738	1588755784810	OK	 
REQUEST	1		request_27	1588755784741	1588755784829	OK	 
REQUEST	1		request_31	1588755784791	1588755784851	OK	 
REQUEST	1		request_30	1588755784786	1588755784860	OK	 
REQUEST	1		request_32	1588755784798	1588755784872	OK	 
REQUEST	1		request_34	1588755784831	1588755784891	OK	 
REQUEST	1		request_33	1588755784812	1588755784898	OK	 
REQUEST	1		request_35	1588755784857	1588755784919	OK	 
REQUEST	1		request_29	1588755784743	1588755784975	OK	 
REQUEST	1		request_28	1588755784745	1588755784981	OK	 
USER	Prueba2	1	END	1588755714811	1588755785000
